#rank      cc Fish-z  rel-z        x        y        z    a11    a12    a13    a21    a22    a23    a31    a32    a33
1       1.383    nan    nan   13.834   59.458  -17.087 -0.816  0.548  0.184  0.184  0.548 -0.816 -0.548 -0.632 -0.548
2       1.371    nan    nan  -46.166   32.458  -23.087 -0.816 -0.184  0.548 -0.548  0.548 -0.632 -0.184 -0.816 -0.548
3       1.176    nan    nan   44.834  -41.542  -17.087  0.184  0.548  0.816 -0.548 -0.632  0.548  0.816 -0.548  0.184
4       1.148    nan    nan   13.834   57.458  -17.087  0.548 -0.632 -0.548 -0.816 -0.548 -0.184 -0.184  0.548 -0.816
5       1.146    nan    nan   12.834   58.458  -17.087  0.548 -0.632 -0.548 -0.816 -0.548 -0.184 -0.184  0.548 -0.816
6       1.140    nan    nan   44.834  -32.542  -22.087 -0.548 -0.632 -0.548 -0.816  0.548  0.184  0.184  0.548 -0.816
7       1.119    nan    nan  -14.166  -57.542  -17.087 -0.548  0.632  0.548  0.816  0.548  0.184 -0.184  0.548 -0.816
8       1.117    nan    nan   50.834   22.458  -22.087 -0.258 -0.362  0.896  0.362 -0.896 -0.258  0.896  0.258  0.362
9       1.037    nan    nan  -57.166  -16.542  -17.087  0.548 -0.632  0.548 -0.816 -0.548  0.184  0.184 -0.548 -0.816
10      1.033    nan    nan    6.834   56.458  -23.087 -1.000  0.000  0.000  0.000  0.604 -0.797 -0.000 -0.797 -0.604
11      0.991  2.719 303.899   56.834   16.458  -17.087 -0.548  0.632 -0.548  0.816  0.548 -0.184  0.184 -0.548 -0.816
12      0.975  2.180 243.583   57.834   18.458  -17.087 -0.604  0.000  0.797  0.000 -1.000  0.000  0.797  0.000  0.604
13      0.963  1.979 221.197   51.834   38.458   13.913 -0.816  0.184 -0.548  0.548  0.548 -0.632  0.184 -0.816 -0.548
14      0.962  1.973 220.488   50.834   39.458   17.913 -0.816  0.184 -0.548  0.548  0.548 -0.632  0.184 -0.816 -0.548
15      0.940  1.742 194.675   46.834   35.458   19.913  0.000 -0.797 -0.604 -1.000  0.000 -0.000  0.000  0.604 -0.797
16      0.935  1.695 189.407  -47.166  -35.542   19.913  0.000  0.797  0.604  1.000  0.000 -0.000 -0.000  0.604 -0.797
17      0.918  1.574 175.908  -44.166   40.458  -16.087  0.258 -0.896  0.362 -0.896 -0.362 -0.258  0.362 -0.258 -0.896
18      0.912  1.538 171.921   49.834   35.458   17.913 -0.797 -0.604  0.000  0.000  0.000 -1.000  0.604 -0.797  0.000
19      0.901  1.478 165.121  -50.166  -35.542   18.913 -0.797  0.000  0.604  0.604  0.000  0.797  0.000  1.000  0.000
20      0.901  1.476 164.976   59.834  -29.542   13.913 -0.258  0.362 -0.896 -0.362 -0.896 -0.258 -0.896  0.258  0.362
21      0.896  1.449 161.972  -40.166  -30.542   38.913  0.604  0.000  0.797  0.000 -1.000  0.000  0.797  0.000 -0.604
22      0.884  1.394 155.834   44.834   39.458    2.913 -0.896  0.362 -0.258  0.362  0.258 -0.896 -0.258 -0.896 -0.362
23      0.870  1.331 148.770   45.834   36.458   12.913 -1.000  0.000  0.000  0.000  0.604 -0.797 -0.000 -0.797 -0.604
24      0.869  1.329 148.469   -7.166   55.458   -3.087 -0.548  0.548 -0.632 -0.184 -0.816 -0.548 -0.816 -0.184  0.548
25      0.869  1.328 148.368   56.834  -24.542   13.913 -0.896  0.258 -0.362 -0.258  0.362  0.896  0.362  0.896 -0.258
26      0.867  1.321 147.662    8.834  -53.542   18.913  0.362 -0.258 -0.896  0.258 -0.896  0.362 -0.896 -0.362 -0.258
27      0.866  1.317 147.174   48.834   34.458    2.913 -0.896  0.362 -0.258  0.362  0.258 -0.896 -0.258 -0.896 -0.362
28      0.866  1.317 147.160   57.834   36.458   15.913  0.258  0.362 -0.896  0.362 -0.896 -0.258 -0.896 -0.258 -0.362
29      0.865  1.315 146.928   60.834  -28.542   13.913 -0.632 -0.548 -0.548 -0.548 -0.184  0.816 -0.548  0.816 -0.184
30      0.857  1.280 143.094  -56.166   18.458   18.913  0.184  0.548 -0.816 -0.548 -0.632 -0.548 -0.816  0.548  0.184
31      0.855  1.275 142.508  -57.166   15.458   29.913  0.000 -0.000 -1.000  0.604 -0.797  0.000 -0.797 -0.604  0.000
32      0.855  1.273 142.239    8.834   55.458  -10.087 -0.896 -0.362  0.258  0.362 -0.258  0.896 -0.258  0.896  0.362
33      0.852  1.262 141.017   55.834  -20.542   18.913 -0.797  0.000 -0.604 -0.604  0.000  0.797  0.000  1.000  0.000
34      0.852  1.262 141.012   47.834   30.458    0.913 -0.896  0.362  0.258 -0.362 -0.258 -0.896 -0.258 -0.896  0.362
35      0.849  1.253 140.019  -47.166  -37.542   12.913 -0.816  0.184  0.548  0.548  0.548  0.632 -0.184  0.816 -0.548
36      0.848  1.248 139.498   36.834   38.458   27.913  0.000  0.000 -1.000 -0.604 -0.797  0.000 -0.797  0.604  0.000
37      0.847  1.247 139.338  -41.166  -38.542   32.913 -0.816 -0.184  0.548  0.548 -0.548  0.632  0.184  0.816  0.548
38      0.845  1.238 138.369   -6.166  -56.542  -23.087  0.548 -0.548 -0.632 -0.184 -0.816  0.548 -0.816 -0.184 -0.548
39      0.845  1.238 138.356    3.834  -52.542    0.913 -0.896 -0.258 -0.362 -0.258 -0.362  0.896 -0.362  0.896  0.258
40      0.844  1.234 137.916   49.834   38.458    2.913 -0.797  0.604  0.000  0.000  0.000 -1.000 -0.604 -0.797  0.000
41      0.841  1.224 136.790   43.834  -31.542    6.913 -1.000  0.000  0.000  0.000 -0.000  1.000  0.000  1.000 -0.000
42      0.840  1.220 136.356  -19.166   57.458   18.913 -0.797 -0.604  0.000  0.000  0.000 -1.000  0.604 -0.797  0.000
43      0.834  1.202 134.340  -48.166   31.458    5.913  0.604  0.000  0.797  0.000 -1.000  0.000  0.797  0.000 -0.604
44      0.833  1.198 133.908   46.834   34.458    3.913 -0.896  0.362 -0.258  0.362  0.258 -0.896 -0.258 -0.896 -0.362
45      0.833  1.196 133.694  -52.166  -22.542  -23.087  0.000  0.797  0.604  1.000  0.000 -0.000 -0.000  0.604 -0.797
46      0.832  1.194 133.393    7.834  -61.542   20.913  0.000 -0.604 -0.797  0.000 -0.797  0.604 -1.000  0.000  0.000
47      0.830  1.189 132.857  -46.166  -33.542   13.913 -0.632 -0.548  0.548  0.548  0.184  0.816 -0.548  0.816  0.184
48      0.828  1.182 132.124  -58.166   24.458    2.913 -0.632 -0.548  0.548 -0.548 -0.184 -0.816  0.548 -0.816 -0.184
49      0.828  1.182 132.077  -55.166   15.458   31.913  0.000  0.604 -0.797 -0.000 -0.797 -0.604 -1.000  0.000  0.000
50      0.825  1.173 131.039   54.834  -16.542   32.913 -0.362  0.896 -0.258 -0.896 -0.258  0.362  0.258  0.362  0.896
51      0.825  1.172 130.928   49.834   27.458    3.913 -0.548 -0.184 -0.816  0.548 -0.816 -0.184 -0.632 -0.548  0.548
52      0.824  1.170 130.747   45.834  -10.542   17.913  0.548 -0.184 -0.816 -0.548 -0.816 -0.184 -0.632  0.548 -0.548
53      0.824  1.169 130.684  -52.166   17.458   28.913  0.000  0.604 -0.797 -0.000 -0.797 -0.604 -1.000  0.000  0.000
54      0.823  1.165 130.225  -43.166   35.458   25.913 -0.604  0.000  0.797  0.000 -1.000  0.000  0.797  0.000  0.604
55      0.823  1.165 130.148  -49.166   25.458   10.913  0.362  0.258  0.896 -0.258 -0.896  0.362  0.896 -0.362 -0.258
56      0.820  1.158 129.405   14.834  -56.542   29.913 -1.000  0.000  0.000  0.000  0.604 -0.797 -0.000 -0.797 -0.604
57      0.819  1.155 129.034   18.834  -57.542   19.913 -0.896 -0.258 -0.362  0.258  0.362 -0.896  0.362 -0.896 -0.258
58      0.819  1.153 128.903   46.834   35.458    8.913 -0.258 -0.362 -0.896  0.362 -0.896  0.258 -0.896 -0.258  0.362
59      0.814  1.137 127.101   13.834  -51.542   18.913 -0.797  0.000 -0.604 -0.604  0.000  0.797  0.000  1.000  0.000
60      0.813  1.136 126.956   21.834   33.458  -23.087 -0.896 -0.258  0.362 -0.258 -0.362 -0.896  0.362 -0.896  0.258
61      0.810  1.127 125.991  -42.166  -37.542   23.913  0.604  0.000  0.797  0.000 -1.000  0.000  0.797  0.000 -0.604
62      0.808  1.122 125.347   45.834   41.458   18.913  0.258 -0.362  0.896 -0.362 -0.896 -0.258  0.896 -0.258 -0.362
63      0.808  1.120 125.167   42.834  -34.542   25.913  0.000  0.000 -1.000 -0.604 -0.797  0.000 -0.797  0.604  0.000
64      0.807  1.118 124.991   36.834   41.458    8.913 -0.816  0.184 -0.548  0.548  0.548 -0.632  0.184 -0.816 -0.548
65      0.805  1.112 124.279  -21.166   35.458  -30.087 -0.604  0.000  0.797  0.000 -1.000  0.000  0.797  0.000  0.604
66      0.802  1.105 123.496   39.834   44.458   15.913 -0.000  0.000 -1.000  0.000 -1.000 -0.000 -1.000  0.000 -0.000
67      0.800  1.098 122.652   -8.166  -55.542  -11.087 -0.816 -0.548 -0.184  0.184 -0.548  0.816 -0.548  0.632  0.548
68      0.800  1.097 122.650   12.834  -55.542   32.913 -1.000  0.000  0.000  0.000 -0.604  0.797  0.000  0.797  0.604
69      0.799  1.097 122.591  -57.166   20.458    2.913 -0.632 -0.548  0.548 -0.548 -0.184 -0.816  0.548 -0.816 -0.184
70      0.799  1.096 122.437  -11.166   55.458    3.913  0.548 -0.548  0.632 -0.184 -0.816 -0.548  0.816  0.184 -0.548
71      0.798  1.093 122.175  -34.166  -29.542   30.913 -0.816  0.548  0.184 -0.184 -0.548  0.816  0.548  0.632  0.548
72      0.797  1.091 121.972  -50.166  -37.542    8.913 -0.816  0.184  0.548  0.548  0.548  0.632 -0.184  0.816 -0.548
73      0.796  1.087 121.506   54.834  -29.542    7.913 -0.604  0.000 -0.797  0.000 -1.000 -0.000 -0.797  0.000  0.604
74      0.794  1.082 120.896   48.834  -28.542   -0.087 -0.548 -0.184 -0.816  0.548 -0.816 -0.184 -0.632 -0.548  0.548
75      0.794  1.081 120.836   42.834   35.458   17.913 -1.000  0.000  0.000  0.000  0.604 -0.797 -0.000 -0.797 -0.604
76      0.794  1.081 120.806   51.834  -20.542   16.913  0.258  0.362 -0.896  0.362 -0.896 -0.258 -0.896 -0.258 -0.362
77      0.793  1.078 120.514   36.834   41.458   24.913 -0.797  0.604  0.000  0.000  0.000 -1.000 -0.604 -0.797  0.000
78      0.792  1.076 120.222  -37.166  -40.542   13.913  0.362 -0.258  0.896  0.258 -0.896 -0.362  0.896  0.362 -0.258
79      0.791  1.075 120.132    4.834  -48.542   38.913 -1.000  0.000  0.000  0.000 -0.604  0.797  0.000  0.797  0.604
80      0.790  1.072 119.775  -16.166   47.458   -8.087 -0.632 -0.548 -0.548  0.548  0.184 -0.816  0.548 -0.816  0.184
81      0.789  1.069 119.491   49.834   36.458    5.913 -0.816 -0.548 -0.184 -0.184  0.548 -0.816  0.548 -0.632 -0.548
82      0.788  1.067 119.216   20.834   24.458  -29.087 -0.896 -0.362 -0.258  0.362 -0.258 -0.896  0.258 -0.896  0.362
83      0.787  1.064 118.879  -53.166   30.458    6.913 -0.797  0.000  0.604 -0.604  0.000 -0.797  0.000 -1.000  0.000
84      0.787  1.063 118.782  -27.166  -35.542   15.913 -0.816 -0.548  0.184 -0.184  0.548  0.816 -0.548  0.632 -0.548
85      0.786  1.061 118.598  -57.166  -38.542   12.913  0.000 -0.604 -0.797  0.000 -0.797  0.604 -1.000  0.000  0.000
86      0.786  1.061 118.581  -47.166   30.458   -3.087 -0.548  0.184  0.816 -0.548 -0.816 -0.184  0.632 -0.548  0.548
87      0.786  1.061 118.576   35.834   30.458   20.913 -0.816  0.548  0.184  0.184  0.548 -0.816 -0.548 -0.632 -0.548
88      0.786  1.060 118.449   56.834  -25.542    5.913 -0.258  0.362 -0.896 -0.362 -0.896 -0.258 -0.896  0.258  0.362
89      0.786  1.060 118.420  -30.166   16.458    7.913  1.000  0.000  0.000  0.000  1.000  0.000  0.000  0.000  1.000
90      0.784  1.056 118.059   -3.166   60.458    3.913 -0.896 -0.362  0.258 -0.362  0.258 -0.896  0.258 -0.896 -0.362
91      0.784  1.056 117.987  -43.166  -39.542   28.913  0.548 -0.184  0.816 -0.548 -0.816  0.184  0.632 -0.548 -0.548
92      0.784  1.055 117.916   55.834  -12.542    8.913 -0.184  0.548 -0.816  0.548 -0.632 -0.548 -0.816 -0.548 -0.184
93      0.783  1.053 117.673  -48.166   21.458   25.913  0.362  0.258  0.896 -0.258 -0.896  0.362  0.896 -0.362 -0.258
94      0.782  1.050 117.383   37.834  -20.542   29.913 -0.896  0.258 -0.362 -0.258  0.362  0.896  0.362  0.896 -0.258
95      0.782  1.049 117.262   38.834   33.458   19.913 -0.797 -0.604  0.000  0.000  0.000 -1.000  0.604 -0.797  0.000
96      0.781  1.048 117.155   42.834  -34.542  -10.087 -0.258 -0.362 -0.896  0.362 -0.896  0.258 -0.896 -0.258  0.362
97      0.781  1.048 117.090    7.834  -62.542    8.913 -0.632  0.548  0.548  0.548 -0.184  0.816  0.548  0.816 -0.184
98      0.780  1.045 116.784   20.834  -56.542   14.913 -0.896 -0.258 -0.362 -0.258 -0.362  0.896 -0.362  0.896  0.258
99      0.780  1.045 116.744  -49.166   30.458   -0.087 -0.548  0.184 -0.816 -0.548 -0.816  0.184 -0.632  0.548  0.548
100     0.779  1.044 116.663   45.834  -20.542   38.913 -1.000  0.000  0.000  0.000  0.604  0.797  0.000  0.797 -0.604
101     0.775  1.032 115.366   45.834   30.458   14.913 -0.816  0.184 -0.548  0.548  0.548 -0.632  0.184 -0.816 -0.548
102     0.775  1.032 115.318   56.834  -19.542   12.913 -0.184  0.548 -0.816  0.548 -0.632 -0.548 -0.816 -0.548 -0.184
103     0.773  1.028 114.937   51.834   34.458   15.913  0.258  0.362 -0.896  0.362 -0.896 -0.258 -0.896 -0.258 -0.362
104     0.773  1.027 114.795   54.834  -17.542   23.913 -0.816  0.548 -0.184  0.184  0.548  0.816  0.548  0.632 -0.548
105     0.772  1.026 114.712  -55.166   17.458   26.913  0.000  0.604 -0.797 -0.000 -0.797 -0.604 -1.000  0.000  0.000
106     0.772  1.025 114.600  -57.166   21.458   -1.087 -0.632 -0.548 -0.548  0.548  0.184 -0.816  0.548 -0.816  0.184
107     0.772  1.025 114.541   48.834   31.458   -1.087  0.000  0.000 -1.000 -0.604 -0.797  0.000 -0.797  0.604  0.000
108     0.770  1.021 114.049    8.834  -41.542   21.913  0.548  0.184 -0.816  0.548 -0.816  0.184 -0.632 -0.548 -0.548
109     0.769  1.017 113.636  -55.166    8.458   20.913 -0.184  0.548 -0.816  0.548 -0.632 -0.548 -0.816 -0.548 -0.184
110     0.768  1.016 113.543   46.834  -25.542   -3.087 -0.604  0.000 -0.797  0.000 -1.000 -0.000 -0.797  0.000  0.604
111     0.768  1.016 113.518  -46.166  -38.542   22.913  0.548  0.184  0.816  0.548 -0.816 -0.184  0.632  0.548 -0.548
112     0.768  1.016 113.512  -47.166  -33.542    8.913 -0.548 -0.548 -0.632  0.184 -0.816  0.548 -0.816  0.184  0.548
113     0.768  1.015 113.440   54.834  -23.542   15.913 -0.896 -0.258 -0.362 -0.258 -0.362  0.896 -0.362  0.896  0.258
114     0.768  1.015 113.423  -41.166  -43.542    8.913 -0.548 -0.548 -0.632  0.184 -0.816  0.548 -0.816  0.184  0.548
115     0.768  1.015 113.423  -49.166   10.458   18.913 -0.184  0.548 -0.816  0.548 -0.632 -0.548 -0.816 -0.548 -0.184
116     0.767  1.013 113.232   56.834  -27.542   10.913 -0.896  0.258 -0.362 -0.258  0.362  0.896  0.362  0.896 -0.258
117     0.766  1.012 113.058   39.834  -32.542   11.913 -0.797  0.604  0.000  0.000  0.000  1.000  0.604  0.797  0.000
118     0.766  1.011 113.031   12.834  -43.542   40.913 -0.632 -0.548 -0.548 -0.548 -0.184  0.816 -0.548  0.816 -0.184
119     0.766  1.011 112.982   50.834   35.458   14.913 -0.258 -0.362 -0.896  0.362 -0.896  0.258 -0.896 -0.258  0.362
120     0.764  1.005 112.267    6.834  -57.542   13.913  0.000 -0.604 -0.797  0.000 -0.797  0.604 -1.000  0.000  0.000
121     0.763  1.004 112.229   50.834  -29.542    5.913 -0.548 -0.184 -0.816  0.548 -0.816 -0.184 -0.632 -0.548  0.548
122     0.763  1.002 112.021  -11.166   54.458   26.913 -0.632  0.548  0.548  0.548 -0.184  0.816  0.548  0.816 -0.184
123     0.763  1.002 112.020   51.834   29.458    4.913 -0.896  0.362 -0.258  0.362  0.258 -0.896 -0.258 -0.896 -0.362
124     0.763  1.002 112.007    3.834  -56.542    1.913 -0.184  0.548  0.816  0.548 -0.632  0.548  0.816  0.548 -0.184
125     0.762  1.002 111.939   39.834  -28.542   -9.087 -0.816 -0.184 -0.548  0.548 -0.548 -0.632 -0.184 -0.816  0.548
126     0.762  1.001 111.919  -56.166   25.458   10.913 -0.184 -0.548  0.816 -0.548 -0.632 -0.548  0.816 -0.548 -0.184
127     0.762  1.000 111.808  -10.166   56.458    5.913 -0.896 -0.258  0.362 -0.258 -0.362 -0.896  0.362 -0.896  0.258
128     0.762  1.000 111.788  -44.166  -30.542    4.913 -0.632 -0.548  0.548  0.548  0.184  0.816 -0.548  0.816  0.184
129     0.761  1.000 111.727   -2.166   63.458    6.913 -0.896 -0.362  0.258  0.362 -0.258  0.896 -0.258  0.896  0.362
130     0.761  1.000 111.714  -10.166   55.458   23.913 -0.816 -0.184  0.548 -0.548  0.548 -0.632 -0.184 -0.816 -0.548
131     0.761  0.999 111.635   17.834   31.458  -16.087 -0.797  0.000 -0.604  0.604  0.000 -0.797  0.000 -1.000  0.000
132     0.760  0.996 111.346   49.834   30.458    0.913  0.184 -0.548  0.816  0.548 -0.632 -0.548  0.816  0.548  0.184
133     0.760  0.996 111.258   42.834   38.458   17.913  0.258 -0.362  0.896 -0.362 -0.896 -0.258  0.896 -0.258 -0.362
134     0.759  0.994 111.089   13.834  -45.542   27.913 -0.797  0.000  0.604  0.604  0.000  0.797  0.000  1.000  0.000
135     0.759  0.994 111.049   49.834   24.458   10.913 -0.896 -0.362 -0.258  0.362 -0.258 -0.896  0.258 -0.896  0.362
136     0.758  0.993 110.926   -5.166   61.458   14.913 -0.632 -0.548  0.548 -0.548 -0.184 -0.816  0.548 -0.816 -0.184
137     0.758  0.992 110.835   40.834   31.458   17.913 -1.000  0.000  0.000  0.000 -0.000 -1.000 -0.000 -1.000 -0.000
138     0.758  0.991 110.783   50.834   21.458    1.913 -0.632  0.548 -0.548  0.548 -0.184 -0.816 -0.548 -0.816 -0.184
139     0.757  0.989 110.574  -28.166  -35.542   14.913 -0.816 -0.548  0.184 -0.184  0.548  0.816 -0.548  0.632 -0.548
140     0.756  0.988 110.387  -14.166   55.458   32.913 -0.896  0.362 -0.258  0.362  0.258 -0.896 -0.258 -0.896 -0.362
141     0.756  0.987 110.333   50.834  -18.542   26.913  0.604  0.000  0.797  0.000 -1.000  0.000  0.797  0.000 -0.604
142     0.756  0.987 110.310  -45.166   15.458   33.913 -0.604  0.000  0.797  0.000 -1.000  0.000  0.797  0.000  0.604
143     0.756  0.986 110.200   19.834   36.458  -30.087 -0.896 -0.258  0.362 -0.258 -0.362 -0.896  0.362 -0.896  0.258
144     0.755  0.985 110.056   53.834   -8.542   27.913  0.258  0.362 -0.896  0.362 -0.896 -0.258 -0.896 -0.258 -0.362
145     0.755  0.984 109.960   49.834   -6.542    8.913  0.362  0.258 -0.896 -0.258 -0.896 -0.362 -0.896  0.362 -0.258
146     0.754  0.983 109.884  -57.166   23.458   10.913 -0.896  0.258 -0.362  0.258 -0.362 -0.896 -0.362 -0.896  0.258
147     0.754  0.983 109.847  -58.166   23.458   17.913 -0.362  0.258 -0.896  0.258 -0.896 -0.362 -0.896 -0.362  0.258
148     0.754  0.982 109.797  -46.166  -37.542   -2.087 -0.548 -0.548 -0.632  0.184 -0.816  0.548 -0.816  0.184  0.548
149     0.754  0.981 109.643  -14.166   56.458   28.913  0.184 -0.816 -0.548 -0.816  0.184 -0.548  0.548  0.548 -0.632
150     0.753  0.980 109.539  -35.166  -43.542   22.913  0.548  0.184  0.816  0.548 -0.816 -0.184  0.632  0.548 -0.548
151     0.752  0.979 109.367    9.834   52.458   10.913 -0.632 -0.548  0.548 -0.548 -0.184 -0.816  0.548 -0.816 -0.184
152     0.752  0.978 109.279   41.834  -26.542   24.913  0.000  0.604 -0.797 -0.000 -0.797 -0.604 -1.000  0.000  0.000
153     0.752  0.977 109.148   12.834   25.458   32.913  0.000  0.000 -1.000 -0.604 -0.797  0.000 -0.797  0.604  0.000
154     0.752  0.977 109.142  -48.166   10.458   27.913 -0.797  0.000  0.604 -0.604  0.000 -0.797  0.000 -1.000  0.000
155     0.751  0.976 109.047    3.834  -68.542   14.913 -0.797  0.604  0.000  0.000  0.000  1.000  0.604  0.797  0.000
156     0.751  0.975 108.997   52.834   34.458    7.913  0.184  0.548 -0.816 -0.548 -0.632 -0.548 -0.816  0.548  0.184
157     0.750  0.973 108.727  -31.166  -41.542   21.913  0.604  0.000  0.797  0.000 -1.000  0.000  0.797  0.000 -0.604
158     0.749  0.972 108.602  -51.166   19.458   22.913  0.000  0.604 -0.797 -0.000 -0.797 -0.604 -1.000  0.000  0.000
159     0.749  0.972 108.597  -17.166   46.458   -1.087 -0.797  0.604  0.000  0.000  0.000 -1.000 -0.604 -0.797  0.000
160     0.749  0.971 108.460   30.834   34.458   41.913 -0.797  0.604  0.000  0.000  0.000 -1.000 -0.604 -0.797  0.000
161     0.749  0.970 108.417   12.834  -48.542   23.913 -1.000  0.000  0.000  0.000 -0.000 -1.000 -0.000 -1.000 -0.000
162     0.749  0.970 108.363  -54.166   24.458   14.913 -0.632 -0.548  0.548 -0.548 -0.184 -0.816  0.548 -0.816 -0.184
163     0.748  0.970 108.347  -47.166   28.458    1.913  0.604  0.000  0.797  0.000 -1.000  0.000  0.797  0.000 -0.604
164     0.748  0.969 108.342   47.834  -29.542   -0.087 -0.548 -0.184 -0.816  0.548 -0.816 -0.184 -0.632 -0.548  0.548
165     0.748  0.968 108.158   50.834   32.458   12.913 -0.896  0.362 -0.258  0.362  0.258 -0.896 -0.258 -0.896 -0.362
166     0.747  0.967 108.043   46.834   37.458    9.913 -0.816 -0.548 -0.184 -0.184  0.548 -0.816  0.548 -0.632 -0.548
167     0.747  0.966 108.011  -41.166  -44.542   19.913  0.548 -0.184  0.816 -0.548 -0.816  0.184  0.632 -0.548 -0.548
168     0.747  0.965 107.884   55.834  -20.542   12.913 -0.184  0.548 -0.816  0.548 -0.632 -0.548 -0.816 -0.548 -0.184
169     0.747  0.965 107.862   14.834  -26.542  -28.087 -0.632  0.548 -0.548 -0.548  0.184  0.816  0.548  0.816  0.184
170     0.747  0.965 107.858   -6.166   60.458   19.913 -0.632 -0.548  0.548  0.548  0.184  0.816 -0.548  0.816  0.184
171     0.746  0.964 107.712    5.834  -27.542   41.913 -0.896 -0.258  0.362  0.258  0.362  0.896 -0.362  0.896 -0.258
172     0.746  0.963 107.660  -49.166  -38.542   16.913  0.258  0.362  0.896  0.362 -0.896  0.258  0.896  0.258 -0.362
173     0.745  0.962 107.490   48.834   26.458   -4.087 -0.816  0.548 -0.184 -0.184 -0.548 -0.816 -0.548 -0.632  0.548
174     0.745  0.961 107.412   50.834  -19.542    1.913 -0.548  0.548 -0.632 -0.184 -0.816 -0.548 -0.816 -0.184  0.548
175     0.745  0.961 107.389  -52.166   30.458   10.913  0.258  0.362  0.896  0.362 -0.896  0.258  0.896  0.258 -0.362
176     0.744  0.959 107.173   -3.166   39.458   -5.087 -0.896 -0.258 -0.362  0.258  0.362 -0.896  0.362 -0.896 -0.258
177     0.744  0.959 107.151    0.834   51.458    5.913 -0.816 -0.548 -0.184 -0.184  0.548 -0.816  0.548 -0.632 -0.548
178     0.743  0.958 107.062  -11.166   59.458    2.913  0.548 -0.548  0.632 -0.184 -0.816 -0.548  0.816  0.184 -0.548
179     0.743  0.957 107.003  -19.166   30.458  -24.087 -0.548  0.548  0.632 -0.184 -0.816  0.548  0.816  0.184  0.548
180     0.743  0.957 106.977   50.834  -27.542   -2.087 -0.816 -0.548 -0.184  0.184 -0.548  0.816 -0.548  0.632  0.548
181     0.743  0.957 106.902   56.834  -15.542   29.913 -0.797  0.000 -0.604 -0.604  0.000  0.797  0.000  1.000  0.000
182     0.743  0.956 106.854   38.834   34.458   25.913 -0.797 -0.604  0.000  0.000  0.000 -1.000  0.604 -0.797  0.000
183     0.743  0.956 106.847   51.834  -24.542    9.913 -0.797  0.604  0.000  0.000  0.000  1.000  0.604  0.797  0.000
184     0.742  0.956 106.804  -50.166   15.458   25.913 -0.632  0.548 -0.548  0.548 -0.184 -0.816 -0.548 -0.816 -0.184
185     0.742  0.956 106.789  -45.166   29.458   -1.087  0.000  0.604  0.797 -0.000 -0.797  0.604  1.000  0.000  0.000
186     0.740  0.951 106.236   54.834  -16.542   25.913  0.548  0.548  0.632  0.184 -0.816  0.548  0.816 -0.184 -0.548
187     0.740  0.951 106.228  -36.166  -39.542   23.913  0.604  0.000  0.797  0.000 -1.000  0.000  0.797  0.000 -0.604
188     0.740  0.950 106.221   56.834  -22.542   -1.087 -0.548 -0.184 -0.816  0.548 -0.816 -0.184 -0.632 -0.548  0.548
189     0.740  0.950 106.158   58.834  -21.542   16.913 -0.896  0.258 -0.362 -0.258  0.362  0.896  0.362  0.896 -0.258
190     0.740  0.950 106.145  -56.166   29.458    7.913 -0.632 -0.548  0.548 -0.548 -0.184 -0.816  0.548 -0.816 -0.184
191     0.739  0.949 106.029   11.834  -50.542   16.913  0.362 -0.258 -0.896  0.258 -0.896  0.362 -0.896 -0.362 -0.258
192     0.739  0.948 105.956    7.834  -62.542   18.913 -0.797 -0.604  0.000  0.000  0.000 -1.000  0.604 -0.797  0.000
193     0.739  0.948 105.932   35.834  -32.542    9.913 -0.797  0.604  0.000  0.000  0.000  1.000  0.604  0.797  0.000
194     0.738  0.947 105.844   47.834   35.458   15.913 -0.896  0.362 -0.258  0.362  0.258 -0.896 -0.258 -0.896 -0.362
195     0.738  0.946 105.766   48.834   36.458   14.913  0.362  0.258 -0.896 -0.258 -0.896 -0.362 -0.896  0.362 -0.258
196     0.738  0.946 105.681   -3.166   58.458    2.913 -0.896  0.258  0.362 -0.258  0.362 -0.896 -0.362 -0.896 -0.258
197     0.738  0.945 105.620  -48.166   14.458   29.913  0.362  0.258  0.896 -0.258 -0.896  0.362  0.896 -0.362 -0.258
198     0.737  0.945 105.588   43.834   40.458   28.913  0.000  0.797 -0.604 -1.000  0.000  0.000 -0.000  0.604  0.797
199     0.737  0.944 105.520   -8.166   61.458   16.913 -0.632 -0.548  0.548  0.548  0.184  0.816 -0.548  0.816  0.184
200     0.737  0.944 105.488   47.834  -19.542   22.913 -0.362  0.258 -0.896  0.258 -0.896 -0.362 -0.896 -0.362  0.258
201     0.737  0.943 105.404  -49.166  -26.542   -3.087 -0.896  0.258  0.362  0.258 -0.362  0.896  0.362  0.896  0.258
202     0.737  0.943 105.391  -30.166  -35.542    5.913 -0.896 -0.362  0.258  0.362 -0.258  0.896 -0.258  0.896  0.362
203     0.737  0.943 105.382   13.834  -59.542   18.913 -1.000  0.000  0.000  0.000 -0.000 -1.000 -0.000 -1.000 -0.000
204     0.736  0.941 105.182  -46.166   19.458   38.913  0.604  0.000  0.797  0.000 -1.000  0.000  0.797  0.000 -0.604
205     0.735  0.940 105.094  -10.166   59.458   -0.087 -0.797  0.604  0.000  0.000  0.000 -1.000 -0.604 -0.797  0.000
206     0.735  0.940 105.082   40.834  -31.542   12.913 -0.258 -0.362 -0.896  0.362 -0.896  0.258 -0.896 -0.258  0.362
207     0.735  0.939 104.991   40.834   34.458   26.913 -1.000  0.000  0.000  0.000 -0.000 -1.000 -0.000 -1.000 -0.000
208     0.735  0.939 104.986   15.834  -55.542    9.913 -0.184  0.548  0.816  0.548 -0.632  0.548  0.816  0.548 -0.184
209     0.735  0.939 104.949   37.834   33.458   20.913 -0.797 -0.604  0.000  0.000  0.000 -1.000  0.604 -0.797  0.000
210     0.735  0.939 104.909  -15.166   47.458   27.913  0.362  0.258 -0.896 -0.258 -0.896 -0.362 -0.896  0.362 -0.258
211     0.735  0.939 104.892    1.834   51.458   16.913 -0.632 -0.548  0.548 -0.548 -0.184 -0.816  0.548 -0.816 -0.184
212     0.734  0.938 104.874   19.834   22.458  -23.087 -0.896  0.258 -0.362  0.258 -0.362 -0.896 -0.362 -0.896  0.258
213     0.734  0.938 104.831   -7.166   59.458    9.913  0.184  0.548 -0.816 -0.548 -0.632 -0.548 -0.816  0.548  0.184
214     0.734  0.938 104.784   41.834   36.458   13.913 -0.258 -0.362 -0.896  0.362 -0.896  0.258 -0.896 -0.258  0.362
215     0.734  0.937 104.748   55.834  -19.542   22.913 -0.896  0.258 -0.362 -0.258  0.362  0.896  0.362  0.896 -0.258
216     0.734  0.937 104.738   37.834   34.458   24.913  0.258 -0.362  0.896 -0.362 -0.896 -0.258  0.896 -0.258 -0.362
217     0.734  0.936 104.644   44.834   26.458   23.913  0.548  0.184  0.816  0.548 -0.816 -0.184  0.632  0.548 -0.548
218     0.733  0.936 104.617  -52.166  -21.542  -10.087 -0.258 -0.362 -0.896  0.362 -0.896  0.258 -0.896 -0.258  0.362
219     0.733  0.936 104.595  -49.166  -36.542    3.913 -0.896 -0.362  0.258  0.362 -0.258  0.896 -0.258  0.896  0.362
220     0.733  0.936 104.580  -15.166  -17.542   -8.087 -0.896  0.362  0.258  0.362  0.258  0.896  0.258  0.896 -0.362
221     0.733  0.936 104.556   25.834    5.458  -16.087 -0.816 -0.548  0.184  0.184 -0.548 -0.816  0.548 -0.632  0.548
222     0.733  0.935 104.475  -43.166   18.458   28.913 -0.548 -0.184  0.816  0.548 -0.816  0.184  0.632  0.548  0.548
223     0.733  0.935 104.465   17.834  -45.542   13.913  0.362 -0.258 -0.896  0.258 -0.896  0.362 -0.896 -0.362 -0.258
224     0.733  0.934 104.414   13.834  -56.542   25.913 -0.816 -0.548  0.184 -0.184  0.548  0.816 -0.548  0.632 -0.548
225     0.733  0.934 104.399  -23.166  -17.542  -17.087 -0.797  0.000  0.604  0.604  0.000  0.797  0.000  1.000  0.000
226     0.732  0.933 104.304   53.834  -23.542   21.913 -0.896  0.258 -0.362 -0.258  0.362  0.896  0.362  0.896 -0.258
227     0.732  0.932 104.184   16.834   31.458  -24.087 -0.797 -0.604  0.000  0.000  0.000 -1.000  0.604 -0.797  0.000
228     0.731  0.932 104.131   49.834   36.458   12.913 -0.258  0.362 -0.896 -0.362 -0.896 -0.258 -0.896  0.258  0.362
229     0.731  0.931 104.049   -6.166   58.458   16.913 -0.896 -0.258 -0.362  0.258  0.362 -0.896  0.362 -0.896 -0.258
230     0.731  0.931 104.044   38.834  -30.542   -3.087 -0.797  0.604  0.000  0.000  0.000  1.000  0.604  0.797  0.000
231     0.731  0.930 103.950   56.834  -20.542    2.913 -0.604  0.000 -0.797  0.000 -1.000 -0.000 -0.797  0.000  0.604
232     0.730  0.929 103.872   36.834   43.458   11.913 -1.000  0.000  0.000  0.000 -0.000 -1.000 -0.000 -1.000 -0.000
233     0.730  0.928 103.721   45.834  -19.542   26.913  0.604  0.000  0.797  0.000 -1.000  0.000  0.797  0.000 -0.604
234     0.729  0.928 103.658  -12.166   55.458   28.913 -0.816 -0.548 -0.184 -0.184  0.548 -0.816  0.548 -0.632 -0.548
235     0.729  0.928 103.655   46.834  -32.542    6.913 -0.258  0.362 -0.896 -0.362 -0.896 -0.258 -0.896  0.258  0.362
236     0.729  0.927 103.645   49.834   30.458    7.913 -0.548 -0.184 -0.816  0.548 -0.816 -0.184 -0.632 -0.548  0.548
237     0.729  0.927 103.617   13.834  -43.542   39.913 -0.896 -0.362 -0.258 -0.362  0.258  0.896 -0.258  0.896 -0.362
238     0.729  0.927 103.564   44.834   34.458   -3.087 -0.896 -0.258  0.362 -0.258 -0.362 -0.896  0.362 -0.896  0.258
239     0.729  0.926 103.475  -50.166  -30.542   -5.087 -0.797  0.000  0.604  0.604  0.000  0.797  0.000  1.000  0.000
240     0.729  0.926 103.475  -48.166    9.458   28.913 -0.632  0.548 -0.548  0.548 -0.184 -0.816 -0.548 -0.816 -0.184
241     0.729  0.926 103.458   28.834    1.458  -24.087 -0.816 -0.184 -0.548  0.548 -0.548 -0.632 -0.184 -0.816  0.548
242     0.728  0.925 103.376  -58.166   13.458    8.913 -0.632 -0.548  0.548 -0.548 -0.184 -0.816  0.548 -0.816 -0.184
243     0.728  0.925 103.364   46.834  -29.542   -3.087 -0.604  0.000 -0.797  0.000 -1.000 -0.000 -0.797  0.000  0.604
244     0.728  0.925 103.321   49.834   20.458   -3.087 -0.896  0.362  0.258 -0.362 -0.258 -0.896 -0.258 -0.896  0.362
245     0.728  0.924 103.288    0.834   52.458   33.913 -0.816 -0.548 -0.184 -0.184  0.548 -0.816  0.548 -0.632 -0.548
246     0.728  0.924 103.277   38.834   42.458   16.913 -1.000  0.000  0.000  0.000 -0.000 -1.000 -0.000 -1.000 -0.000
247     0.728  0.924 103.209   54.834  -23.542    4.913 -0.632 -0.548 -0.548  0.548  0.184 -0.816  0.548 -0.816  0.184
248     0.727  0.923 103.189   -8.166   64.458   12.913  0.000 -1.000 -0.000 -0.797  0.000 -0.604  0.604  0.000 -0.797
249     0.727  0.923 103.154  -52.166  -38.542   12.913  0.000 -0.604 -0.797  0.000 -0.797  0.604 -1.000  0.000  0.000
250     0.727  0.923 103.147    5.834  -58.542    4.913 -1.000  0.000  0.000  0.000  0.604  0.797  0.000  0.797 -0.604
251     0.727  0.922 103.078   46.834  -24.542   10.913 -0.604  0.000 -0.797  0.000 -1.000 -0.000 -0.797  0.000  0.604
252     0.727  0.922 103.072   43.834   36.458   23.913  0.000 -0.000 -1.000  0.604 -0.797  0.000 -0.797 -0.604  0.000
253     0.726  0.921 102.956  -55.166   25.458   18.913 -0.797  0.000 -0.604  0.604  0.000 -0.797  0.000 -1.000  0.000
254     0.726  0.920 102.857   39.834   31.458   29.913 -0.797  0.604  0.000  0.000  0.000 -1.000 -0.604 -0.797  0.000
255     0.726  0.920 102.852   -7.166   60.458    3.913 -0.816  0.184  0.548 -0.548 -0.548 -0.632  0.184 -0.816  0.548
256     0.726  0.920 102.787   55.834  -27.542    8.913  0.362  0.258  0.896 -0.258 -0.896  0.362  0.896 -0.362 -0.258
257     0.726  0.920 102.782  -18.166   58.458   22.913 -0.797  0.000  0.604  0.604  0.000  0.797  0.000  1.000  0.000
258     0.726  0.920 102.771   -6.166   55.458   10.913 -0.816 -0.184  0.548 -0.548  0.548 -0.632 -0.184 -0.816 -0.548
259     0.726  0.919 102.745   46.834   30.458    7.913 -0.896  0.362  0.258 -0.362 -0.258 -0.896 -0.258 -0.896  0.362
260     0.725  0.919 102.664   19.834   22.458  -21.087 -0.896  0.258 -0.362  0.258 -0.362 -0.896 -0.362 -0.896  0.258
261     0.725  0.919 102.660  -14.166  -25.542  -28.087 -0.896  0.258  0.362  0.258 -0.362  0.896  0.362  0.896  0.258
262     0.725  0.918 102.613   32.834   36.458   -5.087  0.000  0.000 -1.000 -0.604 -0.797  0.000 -0.797  0.604  0.000
263     0.725  0.918 102.604   52.834   20.458    6.913 -0.632  0.548 -0.548  0.548 -0.184 -0.816 -0.548 -0.816 -0.184
264     0.725  0.918 102.537   47.834   18.458   -9.087 -0.896 -0.362 -0.258  0.362 -0.258 -0.896  0.258 -0.896  0.362
265     0.724  0.917 102.452   58.834  -24.542   17.913 -0.896 -0.258 -0.362 -0.258 -0.362  0.896 -0.362  0.896  0.258
266     0.724  0.916 102.413   15.834  -49.542   26.913  0.548  0.548  0.632  0.184 -0.816  0.548  0.816 -0.184 -0.548
267     0.724  0.916 102.324   46.834   27.458   -1.087 -0.816  0.548 -0.184 -0.184 -0.548 -0.816 -0.548 -0.632  0.548
268     0.724  0.916 102.320   54.834  -18.542   17.913  0.362  0.258  0.896 -0.258 -0.896  0.362  0.896 -0.362 -0.258
269     0.724  0.915 102.310   14.834  -50.542    4.913 -0.258 -0.362 -0.896  0.362 -0.896  0.258 -0.896 -0.258  0.362
270     0.723  0.915 102.245    9.834  -58.542   -0.087 -0.816 -0.548 -0.184  0.184 -0.548  0.816 -0.548  0.632  0.548
271     0.723  0.915 102.211  -45.166   30.458   17.913 -0.632 -0.548  0.548 -0.548 -0.184 -0.816  0.548 -0.816 -0.184
272     0.723  0.915 102.209  -53.166   12.458    4.913 -0.632 -0.548  0.548 -0.548 -0.184 -0.816  0.548 -0.816 -0.184
273     0.723  0.913 102.057  -56.166   10.458   15.913  0.184  0.548 -0.816 -0.548 -0.632 -0.548 -0.816  0.548  0.184
274     0.723  0.913 102.049  -20.166  -14.542  -19.087 -0.632 -0.548  0.548  0.548  0.184  0.816 -0.548  0.816  0.184
275     0.723  0.913 102.045   -7.166   57.458    2.913 -0.896 -0.362  0.258 -0.362  0.258 -0.896  0.258 -0.896 -0.362
276     0.722  0.913 102.008   47.834   40.458   17.913 -0.816  0.184 -0.548  0.548  0.548 -0.632  0.184 -0.816 -0.548
277     0.722  0.913 102.008   25.834  -14.542   35.913 -0.632  0.548 -0.548  0.548 -0.184 -0.816 -0.548 -0.816 -0.184
278     0.722  0.913 102.002  -12.166   48.458   27.913 -0.184 -0.548  0.816 -0.548 -0.632 -0.548  0.816 -0.548 -0.184
279     0.722  0.912 101.973  -45.166  -37.542    4.913 -0.258 -0.362 -0.896  0.362 -0.896  0.258 -0.896 -0.258  0.362
280     0.722  0.912 101.968  -13.166   56.458   25.913 -0.797  0.000  0.604  0.604  0.000  0.797  0.000  1.000  0.000
281     0.722  0.912 101.966  -52.166  -30.542    6.913  0.258 -0.362  0.896 -0.362 -0.896 -0.258  0.896 -0.258 -0.362
282     0.722  0.912 101.961    1.834  -56.542   -4.087 -0.548 -0.548 -0.632  0.184 -0.816  0.548 -0.816  0.184  0.548
283     0.722  0.912 101.948   46.834   32.458   10.913 -0.797  0.604  0.000  0.000  0.000 -1.000 -0.604 -0.797  0.000
284     0.722  0.912 101.943   51.834  -14.542    2.913 -0.816 -0.548 -0.184  0.184 -0.548  0.816 -0.548  0.632  0.548
285     0.722  0.911 101.863   45.834   38.458   21.913  0.258 -0.362  0.896 -0.362 -0.896 -0.258  0.896 -0.258 -0.362
286     0.722  0.911 101.835   42.834   35.458   22.913  0.000 -0.000 -1.000  0.604 -0.797  0.000 -0.797 -0.604  0.000
287     0.722  0.911 101.833  -45.166  -27.542   -4.087 -0.258 -0.362 -0.896  0.362 -0.896  0.258 -0.896 -0.258  0.362
288     0.722  0.911 101.829  -37.166   32.458   -3.087 -0.896  0.362  0.258 -0.362 -0.258 -0.896 -0.258 -0.896  0.362
289     0.722  0.911 101.803  -43.166  -18.542   18.913  0.362 -0.258  0.896  0.258 -0.896 -0.362  0.896  0.362 -0.258
290     0.722  0.911 101.797   54.834  -11.542   24.913 -1.000  0.000  0.000  0.000  0.604  0.797  0.000  0.797 -0.604
291     0.721  0.911 101.768   57.834   38.458   13.913 -0.000  0.000 -1.000  0.000 -1.000 -0.000 -1.000  0.000 -0.000
292     0.721  0.910 101.752   50.834  -25.542    7.913 -0.362  0.258 -0.896  0.258 -0.896 -0.362 -0.896 -0.362  0.258
293     0.721  0.910 101.735  -56.166   23.458   12.913 -0.632 -0.548  0.548 -0.548 -0.184 -0.816  0.548 -0.816 -0.184
294     0.721  0.910 101.683    0.834  -62.542    8.913 -0.548 -0.548 -0.632  0.184 -0.816  0.548 -0.816  0.184  0.548
295     0.721  0.909 101.554  -55.166   22.458    6.913 -0.362  0.258 -0.896  0.258 -0.896 -0.362 -0.896 -0.362  0.258
296     0.720  0.909 101.546  -53.166   21.458   21.913  0.000  0.604 -0.797 -0.000 -0.797 -0.604 -1.000  0.000  0.000
297     0.720  0.908 101.525   -2.166   59.458    6.913 -0.896 -0.362  0.258 -0.362  0.258 -0.896  0.258 -0.896 -0.362
298     0.720  0.908 101.508   41.834   29.458   24.913 -0.896 -0.362  0.258 -0.362  0.258 -0.896  0.258 -0.896 -0.362
299     0.720  0.908 101.485  -18.166  -22.542  -22.087 -0.797  0.000  0.604  0.604  0.000  0.797  0.000  1.000  0.000
300     0.720  0.908 101.431  -58.166   21.458   17.913  0.000  0.000 -1.000 -0.604 -0.797  0.000 -0.797  0.604  0.000
301     0.720  0.907 101.372   52.834  -15.542   21.913  0.362  0.258  0.896 -0.258 -0.896  0.362  0.896 -0.362 -0.258
302     0.719  0.907 101.311   -4.166   62.458    8.913 -0.184 -0.816  0.548 -0.816 -0.184 -0.548  0.548 -0.548 -0.632
303     0.719  0.906 101.275   53.834  -15.542   27.913 -0.548 -0.632 -0.548 -0.816  0.548  0.184  0.184  0.548 -0.816
304     0.719  0.906 101.259  -12.166   56.458   24.913 -0.632 -0.548  0.548  0.548  0.184  0.816 -0.548  0.816  0.184
305     0.719  0.906 101.227   53.834  -27.542    2.913 -0.816  0.184 -0.548 -0.548 -0.548  0.632 -0.184  0.816  0.548
306     0.719  0.906 101.216   -7.166   55.458   20.913 -0.896 -0.258 -0.362  0.258  0.362 -0.896  0.362 -0.896 -0.258
307     0.719  0.905 101.184  -15.166   52.458   23.913 -0.896  0.258 -0.362  0.258 -0.362 -0.896 -0.362 -0.896  0.258
308     0.719  0.905 101.126  -51.166   14.458   16.913 -0.632 -0.548  0.548 -0.548 -0.184 -0.816  0.548 -0.816 -0.184
309     0.719  0.905 101.097  -44.166  -38.542    7.913  0.184  0.548  0.816 -0.548 -0.632  0.548  0.816 -0.548  0.184
310     0.718  0.904 100.998  -55.166   21.458   -1.087 -0.632 -0.548  0.548 -0.548 -0.184 -0.816  0.548 -0.816 -0.184
311     0.718  0.903 100.953  -48.166   27.458   -1.087  0.548  0.184  0.816  0.548 -0.816 -0.184  0.632  0.548 -0.548
312     0.718  0.903 100.938   -9.166   60.458   15.913 -0.632 -0.548  0.548 -0.548 -0.184 -0.816  0.548 -0.816 -0.184
313     0.718  0.903 100.929   52.834  -17.542   24.913 -1.000  0.000  0.000  0.000  0.604  0.797  0.000  0.797 -0.604
314     0.718  0.903 100.927   37.834  -29.542    4.913 -0.604  0.000 -0.797  0.000 -1.000 -0.000 -0.797  0.000  0.604
315     0.717  0.902 100.839   54.834  -19.542   13.913 -0.184  0.548 -0.816  0.548 -0.632 -0.548 -0.816 -0.548 -0.184
316     0.717  0.902 100.822    5.834  -60.542   12.913 -0.896 -0.258 -0.362 -0.258 -0.362  0.896 -0.362  0.896  0.258
317     0.717  0.902 100.813    8.834  -58.542   -2.087 -0.896 -0.362 -0.258 -0.362  0.258  0.896 -0.258  0.896 -0.362
318     0.717  0.902 100.792   -7.166  -34.542   -4.087 -0.797 -0.604  0.000  0.000  0.000  1.000 -0.604  0.797  0.000
319     0.717  0.902 100.774  -45.166  -30.542    7.913 -0.797  0.000  0.604  0.604  0.000  0.797  0.000  1.000  0.000
320     0.717  0.902 100.749   47.834   38.458   -1.087 -0.816 -0.548 -0.184 -0.184  0.548 -0.816  0.548 -0.632 -0.548
321     0.717  0.901 100.716  -50.166   27.458   -4.087  0.548  0.184  0.816  0.548 -0.816 -0.184  0.632  0.548 -0.548
322     0.717  0.901 100.715    1.834  -58.542    3.913  0.184 -0.548 -0.816  0.548 -0.632  0.548 -0.816 -0.548  0.184
323     0.717  0.901 100.700  -50.166  -35.542    5.913  0.362 -0.258  0.896  0.258 -0.896 -0.362  0.896  0.362 -0.258
324     0.717  0.901 100.689  -49.166  -32.542    5.913 -0.632 -0.548  0.548  0.548  0.184  0.816 -0.548  0.816  0.184
325     0.717  0.900 100.630   -6.166   59.458    2.913 -0.816  0.184  0.548 -0.548 -0.548 -0.632  0.184 -0.816  0.548
326     0.716  0.900 100.613  -11.166   41.458    3.913 -0.816 -0.548 -0.184 -0.184  0.548 -0.816  0.548 -0.632 -0.548
327     0.716  0.899 100.460  -22.166  -18.542  -18.087 -0.797  0.000  0.604  0.604  0.000  0.797  0.000  1.000  0.000
328     0.716  0.899 100.448   -4.166   39.458   -4.087 -0.896 -0.258 -0.362  0.258  0.362 -0.896  0.362 -0.896 -0.258
329     0.716  0.899 100.438  -31.166    8.458  -11.087 -0.816  0.184  0.548 -0.548 -0.548 -0.632  0.184 -0.816  0.548
330     0.716  0.898 100.404   43.834   27.458   24.913  0.000  0.797 -0.604 -1.000  0.000  0.000 -0.000  0.604  0.797
331     0.716  0.898 100.402   36.834   35.458   12.913 -1.000  0.000  0.000  0.000  0.604 -0.797 -0.000 -0.797 -0.604
332     0.715  0.898 100.359   43.834   35.458    8.913 -1.000  0.000  0.000  0.000  0.604 -0.797 -0.000 -0.797 -0.604
333     0.715  0.898 100.355   33.834   30.458   27.913 -0.896 -0.362  0.258 -0.362  0.258 -0.896  0.258 -0.896 -0.362
334     0.715  0.898 100.305   14.834  -48.542   10.913 -0.548 -0.548 -0.632  0.184 -0.816  0.548 -0.816  0.184  0.548
335     0.714  0.896 100.139   11.834  -61.542   12.913 -0.797 -0.604  0.000  0.000  0.000 -1.000  0.604 -0.797  0.000
336     0.714  0.896 100.119   39.834   27.458   -0.087 -0.896  0.362  0.258 -0.362 -0.258 -0.896 -0.258 -0.896  0.362
337     0.714  0.896 100.092   -3.166   39.458   30.913 -0.816 -0.548 -0.184 -0.184  0.548 -0.816  0.548 -0.632 -0.548
338     0.714  0.895 100.065  -49.166  -38.542    9.913 -0.816  0.184  0.548  0.548  0.548  0.632 -0.184  0.816 -0.548
339     0.714  0.895 100.011   -8.166   51.458   -1.087 -0.632 -0.548  0.548  0.548  0.184  0.816 -0.548  0.816  0.184
340     0.714  0.895 99.995  -45.166  -37.542    7.913 -0.896  0.362  0.258  0.362  0.258  0.896  0.258  0.896 -0.362
341     0.714  0.895 99.990  -48.166   19.458   -2.087  0.604  0.000  0.797  0.000 -1.000  0.000  0.797  0.000 -0.604
342     0.713  0.894 99.907  -11.166   50.458    7.913 -0.816 -0.548 -0.184 -0.184  0.548 -0.816  0.548 -0.632 -0.548
343     0.713  0.894 99.888   14.834  -54.542   19.913 -0.816 -0.548 -0.184 -0.184  0.548 -0.816  0.548 -0.632 -0.548
344     0.713  0.894 99.874  -48.166  -35.542    4.913 -0.896 -0.362  0.258  0.362 -0.258  0.896 -0.258  0.896  0.362
345     0.713  0.893 99.841    7.834  -57.542   16.913 -0.632  0.548  0.548  0.548 -0.184  0.816  0.548  0.816 -0.184
346     0.713  0.893 99.758  -54.166  -37.542   13.913  0.362  0.258  0.896 -0.258 -0.896  0.362  0.896 -0.362 -0.258
347     0.713  0.893 99.744    6.834  -62.542    9.913 -0.797  0.000  0.604  0.604  0.000  0.797  0.000  1.000  0.000
348     0.713  0.892 99.740  -17.166   53.458   24.913 -0.797  0.604  0.000  0.000  0.000 -1.000 -0.604 -0.797  0.000
349     0.713  0.892 99.732   48.834  -25.542    2.913 -0.548  0.184 -0.816 -0.548 -0.816  0.184 -0.632  0.548  0.548
350     0.712  0.892 99.684   45.834   37.458   11.913 -1.000  0.000  0.000  0.000  0.604 -0.797 -0.000 -0.797 -0.604
351     0.712  0.892 99.681  -33.166  -28.542   -3.087  0.548  0.184  0.816  0.548 -0.816 -0.184  0.632  0.548 -0.548
352     0.712  0.892 99.680  -56.166   24.458    6.913 -0.548  0.184 -0.816 -0.548 -0.816  0.184 -0.632  0.548  0.548
353     0.712  0.892 99.680  -15.166  -10.542   35.913 -0.548  0.184  0.816 -0.548 -0.816 -0.184  0.632 -0.548  0.548
354     0.712  0.892 99.653  -12.166   57.458   18.913 -0.816 -0.184  0.548 -0.548  0.548 -0.632 -0.184 -0.816 -0.548
355     0.712  0.891 99.576   16.834  -57.542   22.913 -0.816 -0.548 -0.184 -0.184  0.548 -0.816  0.548 -0.632 -0.548
356     0.712  0.891 99.575  -40.166   23.458   28.913 -0.632 -0.548  0.548 -0.548 -0.184 -0.816  0.548 -0.816 -0.184
357     0.712  0.891 99.556   -5.166   48.458   28.913 -0.632  0.548 -0.548  0.548 -0.184 -0.816 -0.548 -0.816 -0.184
358     0.712  0.891 99.519  -48.166  -30.542   -4.087 -0.000  0.000  1.000  0.000 -1.000  0.000  1.000  0.000 -0.000
359     0.712  0.890 99.509   21.834  -35.542  -31.087 -0.548 -0.548 -0.632  0.184 -0.816  0.548 -0.816  0.184  0.548
360     0.712  0.890 99.489   33.834  -35.542    4.913 -0.797  0.604  0.000  0.000  0.000  1.000  0.604  0.797  0.000
361     0.711  0.890 99.445   48.834   20.458   10.913 -0.258 -0.362 -0.896  0.362 -0.896  0.258 -0.896 -0.258  0.362
362     0.711  0.889 99.385   42.834  -31.542   18.913 -0.797 -0.604  0.000  0.000  0.000  1.000 -0.604  0.797  0.000
363     0.711  0.889 99.365   39.834   35.458   25.913 -1.000  0.000  0.000  0.000 -0.000 -1.000 -0.000 -1.000 -0.000
364     0.711  0.889 99.343   41.834   42.458   13.913 -0.797 -0.604  0.000  0.000  0.000 -1.000  0.604 -0.797  0.000
365     0.711  0.889 99.340   12.834  -40.542   20.913 -0.184 -0.816 -0.548 -0.816 -0.184  0.548 -0.548  0.548 -0.632
366     0.711  0.889 99.301    0.834  -53.542   32.913 -0.816  0.548 -0.184  0.184  0.548  0.816  0.548  0.632 -0.548
367     0.711  0.888 99.282   55.834  -19.542    1.913 -0.548  0.184 -0.816 -0.548 -0.816  0.184 -0.632  0.548  0.548
368     0.711  0.888 99.279   48.834   19.458   11.913 -0.258 -0.362 -0.896  0.362 -0.896  0.258 -0.896 -0.258  0.362
369     0.710  0.888 99.247  -48.166  -24.542   -4.087 -0.797  0.000  0.604  0.604  0.000  0.797  0.000  1.000  0.000
370     0.710  0.888 99.244   29.834  -12.542  -20.087 -0.797  0.000 -0.604 -0.604  0.000  0.797  0.000  1.000  0.000
371     0.710  0.887 99.168    7.834  -64.542   12.913  0.000  1.000 -0.000  0.797  0.000  0.604  0.604 -0.000 -0.797
372     0.710  0.887 99.150  -49.166  -37.542   19.913  0.000 -0.604 -0.797  0.000 -0.797  0.604 -1.000  0.000  0.000
373     0.710  0.887 99.150  -52.166  -39.542   13.913  0.000 -0.604 -0.797  0.000 -0.797  0.604 -1.000  0.000  0.000
374     0.710  0.887 99.135   41.834  -25.542   13.913 -0.258  0.362 -0.896 -0.362 -0.896 -0.258 -0.896  0.258  0.362
375     0.709  0.886 99.007   -0.166   53.458   31.913  0.184 -0.816 -0.548 -0.816  0.184 -0.548  0.548  0.548 -0.632
376     0.709  0.886 98.983  -54.166   19.458   14.913  0.000  0.604 -0.797 -0.000 -0.797 -0.604 -1.000  0.000  0.000
377     0.709  0.886 98.973   55.834  -12.542   23.913 -1.000  0.000  0.000  0.000  0.604  0.797  0.000  0.797 -0.604
378     0.709  0.886 98.972    9.834  -54.542    8.913 -0.258 -0.362 -0.896  0.362 -0.896  0.258 -0.896 -0.258  0.362
379     0.709  0.885 98.955   44.834  -19.542   38.913  0.000  0.604 -0.797 -0.000 -0.797 -0.604 -1.000  0.000  0.000
380     0.709  0.885 98.904   52.834  -14.542   27.913 -0.184  0.816  0.548  0.816 -0.184  0.548  0.548  0.548 -0.632
381     0.709  0.885 98.896  -41.166  -30.542    7.913 -0.632 -0.548  0.548  0.548  0.184  0.816 -0.548  0.816  0.184
382     0.709  0.885 98.868   59.834  -26.542   12.913 -0.816 -0.184 -0.548 -0.548  0.548  0.632  0.184  0.816 -0.548
383     0.709  0.885 98.852   43.834   34.458   18.913 -1.000  0.000  0.000  0.000  0.604 -0.797 -0.000 -0.797 -0.604
384     0.709  0.884 98.846   -7.166   58.458    4.913 -0.184 -0.816  0.548 -0.816 -0.184 -0.548  0.548 -0.548 -0.632
385     0.709  0.884 98.833   -6.166   61.458   10.913 -0.896  0.258  0.362 -0.258  0.362 -0.896 -0.362 -0.896 -0.258
386     0.709  0.884 98.830  -47.166  -35.542    2.913  0.362 -0.258  0.896  0.258 -0.896 -0.362  0.896  0.362 -0.258
387     0.709  0.884 98.813   -5.166   58.458    3.913 -0.896 -0.362  0.258 -0.362  0.258 -0.896  0.258 -0.896 -0.362
388     0.708  0.883 98.731   58.834  -13.542   21.913 -0.816  0.548 -0.184  0.184  0.548  0.816  0.548  0.632 -0.548
389     0.708  0.883 98.726   47.834   24.458   17.913 -0.548 -0.816 -0.184 -0.632  0.548 -0.548  0.548 -0.184 -0.816
390     0.708  0.883 98.711   -5.166   48.458   38.913 -1.000  0.000  0.000  0.000 -0.604 -0.797 -0.000 -0.797  0.604
391     0.708  0.883 98.672   52.834   35.458    9.913 -0.797  0.604  0.000  0.000  0.000 -1.000 -0.604 -0.797  0.000
392     0.708  0.883 98.647  -41.166   20.458   -7.087 -0.632 -0.548  0.548 -0.548 -0.184 -0.816  0.548 -0.816 -0.184
393     0.708  0.882 98.605    1.834   22.458   33.913 -0.632 -0.548  0.548 -0.548 -0.184 -0.816  0.548 -0.816 -0.184
394     0.707  0.882 98.525  -31.166  -33.542   39.913 -0.896  0.362  0.258  0.362  0.258  0.896  0.258  0.896 -0.362
395     0.707  0.881 98.419   39.834  -32.542   17.913  0.258 -0.362 -0.896 -0.362 -0.896  0.258 -0.896  0.258 -0.362
396     0.707  0.881 98.410   -7.166   59.458   16.913 -0.896 -0.258 -0.362  0.258  0.362 -0.896  0.362 -0.896 -0.258
397     0.707  0.880 98.385  -40.166  -45.542   16.913 -0.184  0.548  0.816  0.548 -0.632  0.548  0.816  0.548 -0.184
398     0.707  0.880 98.372  -38.166  -43.542   10.913  0.362 -0.258  0.896  0.258 -0.896 -0.362  0.896  0.362 -0.258
399     0.706  0.880 98.296   42.834   43.458   16.913 -0.896  0.362 -0.258  0.362  0.258 -0.896 -0.258 -0.896 -0.362
400     0.706  0.879 98.246  -53.166  -39.542   12.913  0.000 -0.604 -0.797  0.000 -0.797  0.604 -1.000  0.000  0.000
401     0.706  0.879 98.237   -3.166   53.458   -3.087 -0.632 -0.548 -0.548  0.548  0.184 -0.816  0.548 -0.816  0.184
402     0.706  0.879 98.202   48.834   25.458   -2.087 -0.816  0.548 -0.184 -0.184 -0.548 -0.816 -0.548 -0.632  0.548
403     0.706  0.879 98.184   -5.166   52.458   13.913 -0.184 -0.548  0.816 -0.548 -0.632 -0.548  0.816 -0.548 -0.184
404     0.706  0.878 98.153   43.834   24.458    8.913 -0.816  0.548 -0.184 -0.184 -0.548 -0.816 -0.548 -0.632  0.548
405     0.705  0.878 98.136  -46.166   24.458   23.913 -0.632  0.548  0.548 -0.548  0.184 -0.816 -0.548 -0.816  0.184
406     0.705  0.878 98.130  -47.166   23.458   -0.087  0.548 -0.184  0.816 -0.548 -0.816  0.184  0.632 -0.548 -0.548
407     0.705  0.878 98.125   30.834   -5.542  -27.087 -0.632  0.548 -0.548 -0.548  0.184  0.816  0.548  0.816  0.184
408     0.705  0.878 98.114  -15.166   24.458  -25.087 -0.896  0.362  0.258 -0.362 -0.258 -0.896 -0.258 -0.896  0.362
409     0.705  0.878 98.110   10.834  -57.542    2.913 -0.632 -0.548 -0.548 -0.548 -0.184  0.816 -0.548  0.816 -0.184
410     0.705  0.878 98.097  -51.166   26.458    5.913 -0.258  0.362 -0.896 -0.362 -0.896 -0.258 -0.896  0.258  0.362
411     0.705  0.877 98.051   61.834  -30.542   12.913 -0.816 -0.184 -0.548 -0.548  0.548  0.632  0.184  0.816 -0.548
412     0.705  0.877 98.041  -34.166  -19.542   19.913 -0.632 -0.548  0.548  0.548  0.184  0.816 -0.548  0.816  0.184
413     0.705  0.877 98.008  -58.166  -37.542   15.913  0.362  0.258  0.896 -0.258 -0.896  0.362  0.896 -0.362 -0.258
414     0.705  0.877 98.008   48.834   32.458   17.913 -1.000  0.000  0.000  0.000  0.604 -0.797 -0.000 -0.797 -0.604
415     0.705  0.877 98.006   39.834   32.458   10.913 -1.000  0.000  0.000  0.000  0.604 -0.797 -0.000 -0.797 -0.604
416     0.705  0.877 97.997  -10.166  -53.542   10.913 -0.816  0.184  0.548  0.548  0.548  0.632 -0.184  0.816 -0.548
417     0.705  0.877 97.982  -52.166   17.458   20.913 -0.632 -0.548  0.548 -0.548 -0.184 -0.816  0.548 -0.816 -0.184
418     0.705  0.877 97.982  -41.166  -37.542   25.913  0.604  0.000  0.797  0.000 -1.000  0.000  0.797  0.000 -0.604
419     0.705  0.876 97.951   -2.166  -22.542   37.913 -0.896 -0.258  0.362  0.258  0.362  0.896 -0.362  0.896 -0.258
420     0.705  0.876 97.938   52.834   18.458   24.913 -0.816 -0.548 -0.184 -0.184  0.548 -0.816  0.548 -0.632 -0.548
421     0.704  0.876 97.888   52.834  -18.542   13.913 -1.000  0.000  0.000  0.000 -0.000  1.000  0.000  1.000 -0.000
422     0.704  0.876 97.864   50.834  -29.542    1.913 -0.548  0.184 -0.816 -0.548 -0.816  0.184 -0.632  0.548  0.548
423     0.704  0.876 97.863   37.834  -12.542   31.913 -0.632  0.548 -0.548  0.548 -0.184 -0.816 -0.548 -0.816 -0.184
424     0.704  0.876 97.856  -42.166   31.458   18.913  0.258  0.362  0.896  0.362 -0.896  0.258  0.896  0.258 -0.362
425     0.704  0.876 97.851   48.834  -21.542    2.913 -0.000  0.000 -1.000  0.000 -1.000 -0.000 -1.000  0.000 -0.000
426     0.704  0.876 97.850  -28.166  -34.542   15.913 -0.816 -0.548  0.184 -0.184  0.548  0.816 -0.548  0.632 -0.548
427     0.704  0.875 97.838   24.834   25.458  -20.087 -0.896  0.258 -0.362  0.258 -0.362 -0.896 -0.362 -0.896  0.258
428     0.704  0.875 97.833  -36.166  -36.542    5.913 -0.362 -0.258 -0.896 -0.258 -0.896  0.362 -0.896  0.362  0.258
429     0.704  0.875 97.809    5.834   51.458   14.913 -0.632 -0.548  0.548 -0.548 -0.184 -0.816  0.548 -0.816 -0.184
430     0.704  0.875 97.804   -8.166   57.458   -2.087 -0.548  0.548 -0.632 -0.184 -0.816 -0.548 -0.816 -0.184  0.548
431     0.704  0.875 97.777  -44.166   14.458   30.913 -0.548 -0.184  0.816  0.548 -0.816  0.184  0.632  0.548  0.548
432     0.704  0.875 97.745   -5.166   46.458   29.913 -0.632  0.548 -0.548  0.548 -0.184 -0.816 -0.548 -0.816 -0.184
433     0.704  0.874 97.717  -59.166   20.458   12.913 -0.896  0.258 -0.362  0.258 -0.362 -0.896 -0.362 -0.896  0.258
434     0.704  0.874 97.703    8.834  -48.542   17.913  0.184 -0.548 -0.816  0.548 -0.632  0.548 -0.816 -0.548  0.184
435     0.703  0.874 97.693    5.834  -54.542    1.913 -0.632  0.548 -0.548 -0.548  0.184  0.816  0.548  0.816  0.184
436     0.703  0.874 97.667  -50.166   22.458   15.913 -0.632 -0.548  0.548 -0.548 -0.184 -0.816  0.548 -0.816 -0.184
437     0.703  0.874 97.661   -8.166  -54.542   25.913 -0.896 -0.362  0.258 -0.362  0.258 -0.896  0.258 -0.896 -0.362
438     0.703  0.874 97.646   25.834   33.458  -14.087 -1.000  0.000  0.000  0.000 -0.000 -1.000 -0.000 -1.000 -0.000
439     0.703  0.873 97.607    6.834  -25.542   44.913 -0.816 -0.184 -0.548 -0.548  0.548  0.632  0.184  0.816 -0.548
440     0.703  0.873 97.590    9.834  -46.542   21.913  0.548  0.184 -0.816  0.548 -0.816  0.184 -0.632 -0.548 -0.548
441     0.703  0.873 97.590   53.834   33.458    8.913 -0.896  0.362 -0.258  0.362  0.258 -0.896 -0.258 -0.896 -0.362
442     0.703  0.873 97.590    5.834  -47.542   17.913 -1.000  0.000  0.000  0.000 -0.000 -1.000 -0.000 -1.000 -0.000
443     0.703  0.873 97.566   23.834   25.458  -21.087 -0.896  0.258 -0.362  0.258 -0.362 -0.896 -0.362 -0.896  0.258
444     0.703  0.872 97.485   48.834  -27.542   19.913 -0.896 -0.258 -0.362 -0.258 -0.362  0.896 -0.362  0.896  0.258
445     0.703  0.872 97.483    7.834  -49.542   16.913  0.184 -0.548 -0.816  0.548 -0.632  0.548 -0.816 -0.548  0.184
446     0.702  0.872 97.419    3.834  -66.542   13.913  0.184 -0.548 -0.816  0.548 -0.632  0.548 -0.816 -0.548  0.184
447     0.702  0.872 97.415   -8.166   61.458   19.913 -0.896 -0.258 -0.362  0.258  0.362 -0.896  0.362 -0.896 -0.258
448     0.702  0.872 97.404   25.834   -8.542   42.913 -1.000  0.000  0.000  0.000  0.604  0.797  0.000  0.797 -0.604
449     0.702  0.871 97.358   -3.166   57.458    3.913 -0.896  0.258  0.362 -0.258  0.362 -0.896 -0.362 -0.896 -0.258
450     0.702  0.871 97.328   12.834  -52.542   21.913  0.548  0.548  0.632  0.184 -0.816  0.548  0.816 -0.184 -0.548
451     0.702  0.871 97.310   43.834   34.458    2.913 -0.362 -0.258 -0.896 -0.258 -0.896  0.362 -0.896  0.362  0.258
452     0.702  0.871 97.309   35.834  -16.542   21.913 -0.797  0.000 -0.604  0.604  0.000 -0.797  0.000 -1.000  0.000
453     0.702  0.870 97.275   -5.166   29.458  -23.087 -0.896 -0.258  0.362 -0.258 -0.362 -0.896  0.362 -0.896  0.258
454     0.701  0.870 97.204  -42.166  -43.542   18.913  0.548 -0.184  0.816 -0.548 -0.816  0.184  0.632 -0.548 -0.548
455     0.701  0.870 97.173   34.834   30.458   26.913 -0.896 -0.362  0.258 -0.362  0.258 -0.896  0.258 -0.896 -0.362
456     0.701  0.869 97.170   47.834   38.458   12.913 -0.548  0.548 -0.632 -0.184 -0.816 -0.548 -0.816 -0.184  0.548
457     0.701  0.869 97.168    5.834  -54.542   -1.087 -0.816  0.184 -0.548 -0.548 -0.548  0.632 -0.184  0.816  0.548
458     0.701  0.869 97.166   41.834   31.458    9.913 -0.896  0.362  0.258 -0.362 -0.258 -0.896 -0.258 -0.896  0.362
459     0.701  0.869 97.120   51.834   21.458    8.913 -0.816  0.184 -0.548  0.548  0.548 -0.632  0.184 -0.816 -0.548
460     0.701  0.869 97.096   -7.166   63.458   17.913  0.000 -1.000 -0.000 -0.797  0.000 -0.604  0.604  0.000 -0.797
461     0.701  0.869 97.064   14.834   26.458  -23.087 -0.604  0.000  0.797  0.000 -1.000  0.000  0.797  0.000  0.604
462     0.701  0.868 97.055    6.834  -60.542   19.913  0.000 -0.604 -0.797  0.000 -0.797  0.604 -1.000  0.000  0.000
463     0.700  0.868 96.998  -48.166  -37.542   -1.087  0.548  0.548  0.632  0.184 -0.816  0.548  0.816 -0.184 -0.548
464     0.700  0.868 96.997   42.834  -33.542   -3.087 -0.896 -0.362  0.258  0.362 -0.258  0.896 -0.258  0.896  0.362
465     0.700  0.868 96.963   46.834   34.458   16.913 -1.000  0.000  0.000  0.000  0.604 -0.797 -0.000 -0.797 -0.604
466     0.700  0.867 96.913   50.834   30.458   -5.087 -0.797 -0.604  0.000  0.000  0.000 -1.000  0.604 -0.797  0.000
467     0.700  0.867 96.885   16.834  -43.542  -10.087  0.184 -0.548 -0.816  0.548 -0.632  0.548 -0.816 -0.548  0.184
468     0.700  0.867 96.882   14.834   27.458  -24.087 -0.896  0.258 -0.362  0.258 -0.362 -0.896 -0.362 -0.896  0.258
469     0.700  0.867 96.876  -58.166   22.458   20.913  0.184  0.548 -0.816 -0.548 -0.632 -0.548 -0.816  0.548  0.184
470     0.699  0.866 96.777  -60.166   31.458   14.913  0.000  0.000  1.000 -0.604 -0.797  0.000  0.797 -0.604  0.000
471     0.699  0.866 96.765   17.834   26.458  -24.087 -0.797 -0.604  0.000  0.000  0.000 -1.000  0.604 -0.797  0.000
472     0.699  0.866 96.740   -5.166   56.458    9.913 -0.816 -0.184  0.548 -0.548  0.548 -0.632 -0.184 -0.816 -0.548
473     0.699  0.866 96.737   40.834   31.458   22.913 -0.797  0.604  0.000  0.000  0.000 -1.000 -0.604 -0.797  0.000
474     0.699  0.866 96.725  -56.166   16.458   21.913 -0.362  0.258 -0.896  0.258 -0.896 -0.362 -0.896 -0.362  0.258
475     0.699  0.865 96.666  -46.166  -40.542   17.913 -0.258 -0.362 -0.896  0.362 -0.896  0.258 -0.896 -0.258  0.362
476     0.699  0.865 96.655   45.834  -30.542   17.913 -0.797 -0.604  0.000  0.000  0.000  1.000 -0.604  0.797  0.000
477     0.699  0.865 96.654   16.834  -53.542   18.913 -0.258 -0.362 -0.896  0.362 -0.896  0.258 -0.896 -0.258  0.362
478     0.699  0.865 96.648  -56.166   22.458   15.913 -0.632  0.548 -0.548  0.548 -0.184 -0.816 -0.548 -0.816 -0.184
479     0.699  0.864 96.604  -47.166   24.458   -3.087  0.000 -0.000  1.000  0.604 -0.797  0.000  0.797  0.604  0.000
480     0.698  0.864 96.596   48.834  -11.542   10.913 -0.797  0.604  0.000  0.000  0.000  1.000  0.604  0.797  0.000
481     0.698  0.864 96.592  -14.166   43.458   39.913 -0.548  0.184  0.816 -0.548 -0.816 -0.184  0.632 -0.548  0.548
482     0.698  0.864 96.563   45.834  -11.542   28.913 -0.362  0.258 -0.896  0.258 -0.896 -0.362 -0.896 -0.362  0.258
483     0.698  0.864 96.556  -15.166   55.458    9.913 -0.816  0.548 -0.184 -0.184 -0.548 -0.816 -0.548 -0.632  0.548
484     0.698  0.864 96.538   59.834  -32.542   14.913  0.362  0.258  0.896 -0.258 -0.896  0.362  0.896 -0.362 -0.258
485     0.698  0.864 96.514  -24.166  -20.542  -21.087 -0.548 -0.548  0.632  0.184 -0.816 -0.548  0.816 -0.184  0.548
486     0.698  0.864 96.511   48.834   31.458   16.913 -1.000  0.000  0.000  0.000  0.604 -0.797 -0.000 -0.797 -0.604
487     0.698  0.864 96.509   24.834    5.458  -15.087 -0.816 -0.548  0.184  0.184 -0.548 -0.816  0.548 -0.632  0.548
488     0.698  0.863 96.469    8.834  -30.542   23.913 -0.797  0.000 -0.604 -0.604  0.000  0.797  0.000  1.000  0.000
489     0.698  0.863 96.394   40.834  -31.542   -8.087 -0.548  0.184 -0.816 -0.548 -0.816  0.184 -0.632  0.548  0.548
490     0.698  0.862 96.388   13.834   19.458  -24.087 -0.896 -0.362 -0.258  0.362 -0.258 -0.896  0.258 -0.896  0.362
491     0.697  0.862 96.378   37.834   33.458   29.913 -1.000  0.000  0.000  0.000 -0.000 -1.000 -0.000 -1.000 -0.000
492     0.697  0.861 96.255    1.834  -48.542   13.913 -0.258 -0.362 -0.896  0.362 -0.896  0.258 -0.896 -0.258  0.362
493     0.697  0.861 96.246   50.834   35.458   10.913 -0.896  0.362 -0.258  0.362  0.258 -0.896 -0.258 -0.896 -0.362
494     0.697  0.861 96.244   44.834   33.458   14.913 -1.000  0.000  0.000  0.000  0.604 -0.797 -0.000 -0.797 -0.604
495     0.697  0.861 96.240  -55.166   23.458    2.913 -0.632 -0.548 -0.548  0.548  0.184 -0.816  0.548 -0.816  0.184
496     0.697  0.861 96.233    2.834  -58.542    7.913 -0.896 -0.258 -0.362 -0.258 -0.362  0.896 -0.362  0.896  0.258
497     0.697  0.861 96.216   11.834  -60.542   18.913 -0.816 -0.548 -0.184 -0.184  0.548 -0.816  0.548 -0.632 -0.548
498     0.696  0.860 96.125   47.834   40.458   11.913 -0.896 -0.362 -0.258  0.362 -0.258 -0.896  0.258 -0.896  0.362
499     0.696  0.860 96.082  -61.166   31.458   13.913 -0.896  0.258 -0.362  0.258 -0.362 -0.896 -0.362 -0.896  0.258
500     0.696  0.860 96.081    0.834   56.458   18.913 -0.816  0.548  0.184  0.184  0.548 -0.816 -0.548 -0.632 -0.548
501     0.696  0.859 96.053  -23.166  -36.542   23.913  0.258  0.362  0.896  0.362 -0.896  0.258  0.896  0.258 -0.362
502     0.696  0.859 96.048   51.834   36.458   13.913 -0.258 -0.362 -0.896  0.362 -0.896  0.258 -0.896 -0.258  0.362
503     0.696  0.859 96.045   46.834   31.458    6.913 -0.896  0.362  0.258 -0.362 -0.258 -0.896 -0.258 -0.896  0.362
504     0.696  0.859 96.021  -49.166   14.458   28.913  0.362  0.258  0.896 -0.258 -0.896  0.362  0.896 -0.362 -0.258
505     0.696  0.859 96.019  -59.166   13.458   22.913  0.000  0.604 -0.797 -0.000 -0.797 -0.604 -1.000  0.000  0.000
506     0.696  0.859 96.016   11.834  -27.542  -21.087 -0.797  0.604  0.000  0.000  0.000  1.000  0.604  0.797  0.000
507     0.696  0.859 96.000   49.834   27.458    0.913 -0.816 -0.184 -0.548  0.548 -0.548 -0.632 -0.184 -0.816  0.548
508     0.696  0.859 95.997   49.834  -20.542    1.913 -0.000  0.000 -1.000  0.000 -1.000 -0.000 -1.000  0.000 -0.000
509     0.696  0.859 95.997    3.834  -26.542  -21.087 -0.797  0.000 -0.604 -0.604  0.000  0.797  0.000  1.000  0.000
510     0.696  0.859 95.991    6.834  -24.542  -22.087 -0.797  0.000 -0.604 -0.604  0.000  0.797  0.000  1.000  0.000
511     0.696  0.859 95.983   29.834   38.458   -1.087 -0.896 -0.362  0.258 -0.362  0.258 -0.896  0.258 -0.896 -0.362
512     0.696  0.859 95.971    8.834  -58.542    1.913 -0.184  0.548  0.816  0.548 -0.632  0.548  0.816  0.548 -0.184
513     0.696  0.859 95.966  -51.166   21.458    3.913  0.184  0.548  0.816 -0.548 -0.632  0.548  0.816 -0.548  0.184
514     0.696  0.859 95.955   11.834  -57.542   28.913 -0.184  0.816  0.548  0.816 -0.184  0.548  0.548  0.548 -0.632
515     0.696  0.859 95.955   44.834   40.458   17.913 -0.896  0.362 -0.258  0.362  0.258 -0.896 -0.258 -0.896 -0.362
516     0.696  0.859 95.950  -52.166   14.458    7.913 -0.632 -0.548 -0.548  0.548  0.184 -0.816  0.548 -0.816  0.184
517     0.695  0.858 95.931  -12.166   56.458   29.913 -0.896  0.362 -0.258  0.362  0.258 -0.896 -0.258 -0.896 -0.362
518     0.695  0.858 95.930    2.834  -47.542   24.913  0.000 -0.604 -0.797  0.000 -0.797  0.604 -1.000  0.000  0.000
519     0.695  0.858 95.902   -6.166   29.458  -16.087 -0.632  0.548  0.548 -0.548  0.184 -0.816 -0.548 -0.816  0.184
520     0.695  0.858 95.883   -9.166   31.458  -23.087 -0.896 -0.258  0.362 -0.258 -0.362 -0.896  0.362 -0.896  0.258
521     0.695  0.858 95.869   15.834  -25.542  -20.087 -0.896 -0.258 -0.362 -0.258 -0.362  0.896 -0.362  0.896  0.258
522     0.695  0.858 95.868   16.834  -50.542   11.913  0.362 -0.258 -0.896  0.258 -0.896  0.362 -0.896 -0.362 -0.258
523     0.695  0.858 95.856    5.834  -56.542   -1.087 -0.184  0.548  0.816  0.548 -0.632  0.548  0.816  0.548 -0.184
524     0.695  0.858 95.855    8.834  -44.542   21.913  0.548  0.184 -0.816  0.548 -0.816  0.184 -0.632 -0.548 -0.548
525     0.695  0.857 95.816  -37.166  -19.542   33.913  0.548  0.184  0.816  0.548 -0.816 -0.184  0.632  0.548 -0.548
526     0.695  0.857 95.749   -4.166   68.458   14.913 -0.816  0.184  0.548  0.548  0.548  0.632 -0.184  0.816 -0.548
527     0.694  0.856 95.648  -23.166   32.458  -20.087  0.000  0.000  1.000 -0.604 -0.797  0.000  0.797 -0.604  0.000
528     0.694  0.856 95.621    8.834  -60.542   -1.087 -0.816  0.548 -0.184 -0.184 -0.548 -0.816 -0.548 -0.632  0.548
529     0.694  0.856 95.609   52.834  -12.542   14.913  0.548  0.184  0.816  0.548 -0.816 -0.184  0.632  0.548 -0.548
530     0.694  0.856 95.608   46.834   40.458   10.913  0.362  0.258 -0.896 -0.258 -0.896 -0.362 -0.896  0.362 -0.258
531     0.694  0.855 95.585   52.834  -18.542    8.913 -0.258  0.362 -0.896 -0.362 -0.896 -0.258 -0.896  0.258  0.362
532     0.694  0.855 95.565   28.834  -12.542  -21.087 -0.797  0.000 -0.604 -0.604  0.000  0.797  0.000  1.000  0.000
533     0.694  0.855 95.539   46.834   33.458    8.913 -0.362 -0.258 -0.896 -0.258 -0.896  0.362 -0.896  0.362  0.258
534     0.694  0.855 95.522    1.834   24.458  -18.087 -0.816  0.184  0.548 -0.548 -0.548 -0.632  0.184 -0.816  0.548
535     0.693  0.855 95.501   50.834   30.458    4.913 -0.896  0.362 -0.258  0.362  0.258 -0.896 -0.258 -0.896 -0.362
536     0.693  0.854 95.465   56.834  -28.542    7.913  0.362  0.258  0.896 -0.258 -0.896  0.362  0.896 -0.362 -0.258
537     0.693  0.854 95.462   -9.166  -44.542   21.913  0.000 -0.604 -0.797  0.000 -0.797  0.604 -1.000  0.000  0.000
538     0.693  0.854 95.457    1.834  -57.542   17.913 -0.184  0.548  0.816  0.548 -0.632  0.548  0.816  0.548 -0.184
539     0.693  0.854 95.443  -49.166   30.458    4.913  0.604  0.000  0.797  0.000 -1.000  0.000  0.797  0.000 -0.604
540     0.693  0.854 95.424  -10.166   51.458    9.913  0.362 -0.258  0.896  0.258 -0.896 -0.362  0.896  0.362 -0.258
541     0.693  0.854 95.415   47.834  -28.542    1.913 -0.896 -0.362 -0.258 -0.362  0.258  0.896 -0.258  0.896 -0.362
542     0.693  0.854 95.412  -42.166   21.458   29.913 -0.896  0.258  0.362 -0.258  0.362 -0.896 -0.362 -0.896 -0.258
543     0.693  0.853 95.380   42.834  -29.542    8.913 -0.604  0.000 -0.797  0.000 -1.000 -0.000 -0.797  0.000  0.604
544     0.693  0.853 95.363  -26.166  -13.542   35.913 -0.816 -0.548  0.184 -0.184  0.548  0.816 -0.548  0.632 -0.548
545     0.693  0.853 95.320  -56.166   16.458   27.913  0.548  0.548  0.632  0.184 -0.816  0.548  0.816 -0.184 -0.548
546     0.692  0.853 95.294  -44.166  -40.542   13.913 -0.184  0.548  0.816  0.548 -0.632  0.548  0.816  0.548 -0.184
547     0.692  0.853 95.284  -57.166   29.458    6.913  0.548 -0.184  0.816 -0.548 -0.816  0.184  0.632 -0.548 -0.548
548     0.692  0.852 95.270   38.834  -35.542    7.913 -0.362  0.258 -0.896  0.258 -0.896 -0.362 -0.896 -0.362  0.258
549     0.692  0.852 95.259   -5.166   53.458   12.913 -0.184 -0.548  0.816 -0.548 -0.632 -0.548  0.816 -0.548 -0.184
550     0.692  0.852 95.244   50.834   30.458    1.913 -0.896  0.362 -0.258  0.362  0.258 -0.896 -0.258 -0.896 -0.362
551     0.692  0.852 95.221   45.834  -28.542    1.913 -0.632 -0.548 -0.548  0.548  0.184 -0.816  0.548 -0.816  0.184
552     0.692  0.852 95.206   -1.166  -53.542   32.913  0.548  0.548  0.632  0.184 -0.816  0.548  0.816 -0.184 -0.548
553     0.692  0.852 95.166  -34.166   41.458   -5.087 -0.632 -0.548  0.548 -0.548 -0.184 -0.816  0.548 -0.816 -0.184
554     0.692  0.851 95.132   -6.166   26.458   44.913 -0.816  0.184  0.548 -0.548 -0.548 -0.632  0.184 -0.816  0.548
555     0.692  0.851 95.120   40.834   29.458    1.913 -0.816 -0.548 -0.184 -0.184  0.548 -0.816  0.548 -0.632 -0.548
556     0.692  0.851 95.109  -61.166   28.458   11.913 -0.258  0.362 -0.896 -0.362 -0.896 -0.258 -0.896  0.258  0.362
557     0.692  0.851 95.099  -19.166   52.458   22.913 -0.816 -0.548 -0.184 -0.184  0.548 -0.816  0.548 -0.632 -0.548
558     0.692  0.851 95.094   41.834   42.458   17.913 -1.000  0.000  0.000  0.000 -0.000 -1.000 -0.000 -1.000 -0.000
559     0.691  0.851 95.080   12.834  -48.542   17.913 -0.184  0.548  0.816  0.548 -0.632  0.548  0.816  0.548 -0.184
